<?xml version="1.0" encoding="UTF-8"?>
<!-- Generated by org.testng.reporters.JUnitReportReporter -->
<testsuite hostname="AnilSaner" failures="0" tests="1" name="com.parameters.QueryParameterTest" time="3.244" errors="0" timestamp="2022-02-11T12:42:08 IST" skipped="0">
  <testcase classname="com.parameters.QueryParameterTest" name="param" time="3.244"/>
  <system-out/>
</testsuite> <!-- com.parameters.QueryParameterTest -->
