<?xml version="1.0" encoding="UTF-8"?>
<!-- Generated by org.testng.reporters.JUnitReportReporter -->
<testsuite hostname="AnilSaner" failures="0" tests="1" name="DifferentWaysToPostRequest.CreateProjectUsingJsonObject" time="2.725" errors="0" timestamp="2022-02-10T14:40:38 IST" skipped="0">
  <testcase classname="DifferentWaysToPostRequest.CreateProjectUsingJsonObject" name="createResourceUsingJsonObject" time="2.725"/>
  <system-out/>
</testsuite> <!-- DifferentWaysToPostRequest.CreateProjectUsingJsonObject -->
