<?xml version="1.0" encoding="UTF-8"?>
<!-- Generated by org.testng.reporters.JUnitReportReporter -->
<testsuite hostname="AnilSaner" failures="0" tests="1" name="com.authentication.Oauth2" time="4.030" errors="0" timestamp="2022-02-11T17:51:14 IST" skipped="0">
  <testcase classname="com.authentication.Oauth2" name="oauth" time="4.030"/>
  <system-out/>
</testsuite> <!-- com.authentication.Oauth2 -->
