<?xml version="1.0" encoding="UTF-8"?>
<!-- Generated by org.testng.reporters.JUnitReportReporter -->
<testsuite hostname="AnilSaner" failures="0" tests="1" name="practiceCRUDWihoutBDD.GetAllProjects" time="3.031" errors="0" timestamp="2022-02-10T16:22:15 IST" skipped="0">
  <testcase classname="practiceCRUDWihoutBDD.GetAllProjects" name="getAllProjects" time="3.031"/>
  <system-out/>
</testsuite> <!-- practiceCRUDWihoutBDD.GetAllProjects -->
