<?xml version="1.0" encoding="UTF-8"?>
<!-- Generated by org.testng.reporters.JUnitReportReporter -->
<testsuite hostname="AnilSaner" failures="0" tests="2" name="com.authentication.Authentications" time="3.921" errors="0" timestamp="2022-02-11T17:15:41 IST" skipped="0">
  <testcase classname="com.authentication.Authentications" name="digestiveAuth" time="3.695"/>
  <system-out/>
  <testcase classname="com.authentication.Authentications" name="preemptiveAuth" time="0.226"/>
  <system-out/>
</testsuite> <!-- com.authentication.Authentications -->
