<?xml version="1.0" encoding="UTF-8"?>
<!-- Generated by org.testng.reporters.JUnitReportReporter -->
<testsuite hostname="AnilSaner" failures="0" tests="1" name="practiceCRUDWithBDD.CreateResource" time="2.914" errors="0" timestamp="2022-02-10T12:23:36 IST" skipped="0">
  <testcase classname="practiceCRUDWithBDD.CreateResource" name="create" time="2.914"/>
  <system-out/>
</testsuite> <!-- practiceCRUDWithBDD.CreateResource -->
