<?xml version="1.0" encoding="UTF-8"?>
<!-- Generated by org.testng.reporters.JUnitReportReporter -->
<testsuite hostname="AnilSaner" failures="0" tests="1" name="com.parameters.PathParameterTest" time="2.323" errors="0" timestamp="2022-02-11T12:37:13 IST" skipped="0">
  <testcase classname="com.parameters.PathParameterTest" name="param" time="2.323"/>
  <system-out/>
</testsuite> <!-- com.parameters.PathParameterTest -->
