<?xml version="1.0" encoding="UTF-8"?>
<!-- Generated by org.testng.reporters.JUnitReportReporter -->
<testsuite hostname="AnilSaner" failures="0" tests="1" name="practiceCRUDWihoutBDD.CreateProject" time="3.683" errors="0" timestamp="2022-02-10T07:30:49 IST" skipped="0">
  <testcase classname="practiceCRUDWihoutBDD.CreateProject" name="createProject" time="3.683"/>
  <system-out/>
</testsuite> <!-- practiceCRUDWihoutBDD.CreateProject -->
