<?xml version="1.0" encoding="UTF-8"?>
<!-- Generated by org.testng.reporters.JUnitReportReporter -->
<testsuite hostname="AnilSaner" failures="0" tests="1" name="com.RMGYantraTest.CreateResourceAndVerifyInDB" time="2.914" errors="0" timestamp="2022-02-13T11:49:23 IST" skipped="0">
  <testcase classname="com.RMGYantraTest.CreateResourceAndVerifyInDB" name="createResourceAndVerifyInDB" time="2.914"/>
  <system-out>
    <![CDATA[TY_PROJ_2003
data verification successful]]>
  </system-out>
</testsuite> <!-- com.RMGYantraTest.CreateResourceAndVerifyInDB -->
