<?xml version="1.0" encoding="UTF-8"?>
<!-- Generated by org.testng.reporters.JUnitReportReporter -->
<testsuite hostname="AnilSaner" failures="0" tests="2" name="responseValidation.SameRequestMultipleTimes" time="3.345" errors="0" timestamp="2022-02-10T16:51:49 IST" skipped="0">
  <testcase classname="responseValidation.SameRequestMultipleTimes" name="create" time="0.127"/>
  <system-out/>
  <testcase classname="responseValidation.SameRequestMultipleTimes" name="create" time="3.218"/>
  <system-out/>
</testsuite> <!-- responseValidation.SameRequestMultipleTimes -->
