<?xml version="1.0" encoding="UTF-8"?>
<!-- Generated by org.testng.reporters.JUnitReportReporter -->
<testsuite hostname="AnilSaner" failures="0" tests="1" name="practiceCRUDWihoutBDD.UpdateProject" time="4.028" errors="0" timestamp="2022-02-10T08:05:55 IST" skipped="0">
  <testcase classname="practiceCRUDWihoutBDD.UpdateProject" name="updateProject" time="4.028"/>
  <system-out/>
</testsuite> <!-- practiceCRUDWihoutBDD.UpdateProject -->
