<?xml version="1.0" encoding="UTF-8"?>
<!-- Generated by org.testng.reporters.JUnitReportReporter -->
<testsuite hostname="AnilSaner" failures="0" tests="1" name="com.parameters.ParametersTest" time="5.158" errors="0" timestamp="2022-02-11T13:03:31 IST" skipped="0">
  <testcase classname="com.parameters.ParametersTest" name="params" time="5.158"/>
  <system-out/>
</testsuite> <!-- com.parameters.ParametersTest -->
