<?xml version="1.0" encoding="UTF-8"?>
<!-- Generated by org.testng.reporters.JUnitReportReporter -->
<testsuite hostname="AnilSaner" failures="0" tests="1" name="practice.restassured.AddSingleProjectWithCreatedStatus" time="3.352" errors="0" timestamp="2022-02-11T10:39:15 IST" skipped="0">
  <testcase classname="practice.restassured.AddSingleProjectWithCreatedStatus" name="addSingleProjectWithCreatedStatus" time="3.352"/>
  <system-out/>
</testsuite> <!-- practice.restassured.AddSingleProjectWithCreatedStatus -->
