<?xml version="1.0" encoding="UTF-8"?>
<!-- Generated by org.testng.reporters.JUnitReportReporter -->
<testsuite hostname="AnilSaner" failures="0" tests="1" name="practiceCRUDWihoutBDD.GetSingleProject" time="2.268" errors="0" timestamp="2022-02-10T07:51:56 IST" skipped="0">
  <testcase classname="practiceCRUDWihoutBDD.GetSingleProject" name="getSingleProject" time="2.268"/>
  <system-out/>
</testsuite> <!-- practiceCRUDWihoutBDD.GetSingleProject -->
