<?xml version="1.0" encoding="UTF-8"?>
<!-- Generated by org.testng.reporters.JUnitReportReporter -->
<testsuite hostname="AnilSaner" failures="0" tests="1" name="practiceCRUDWithBDD.GetAllResources" time="2.888" errors="0" timestamp="2022-02-11T12:48:17 IST" skipped="0">
  <testcase classname="practiceCRUDWithBDD.GetAllResources" name="getResources" time="2.888"/>
  <system-out/>
</testsuite> <!-- practiceCRUDWithBDD.GetAllResources -->
