<?xml version="1.0" encoding="UTF-8"?>
<!-- Generated by org.testng.reporters.JUnitReportReporter -->
<testsuite hostname="AnilSaner" failures="0" tests="1" name="practiceCRUDWithBDD.DeleteResource" time="1.982" errors="0" timestamp="2022-02-10T14:19:37 IST" skipped="0">
  <testcase classname="practiceCRUDWithBDD.DeleteResource" name="delete" time="1.982"/>
  <system-out/>
</testsuite> <!-- practiceCRUDWithBDD.DeleteResource -->
